{"D:\\Web-Development\\Dibimbing\\TUGAS\\Assignment Day 35 - Mini Project Mentoring React\\src\\components\\AuthLayout.jsx": {"path":"D:\\Web-Development\\Dibimbing\\TUGAS\\Assignment Day 35 - Mini Project Mentoring React\\src\\components\\AuthLayout.jsx","statementMap":{"0":{"start":{"line":4,"column":19},"end":{"line":37,"column":1}},"1":{"start":{"line":12,"column":19},"end":{"line":12,"column":32}},"2":{"start":{"line":14,"column":2},"end":{"line":36,"column":4}},"3":{"start":{"line":20,"column":25},"end":{"line":20,"column":37}}},"fnMap":{"0":{"name":"(anonymous_0)","decl":{"start":{"line":4,"column":19},"end":{"line":4,"column":20}},"loc":{"start":{"line":11,"column":6},"end":{"line":37,"column":1}},"line":11},"1":{"name":"(anonymous_1)","decl":{"start":{"line":20,"column":19},"end":{"line":20,"column":20}},"loc":{"start":{"line":20,"column":25},"end":{"line":20,"column":37}},"line":20}},"branchMap":{"0":{"loc":{"start":{"line":26,"column":9},"end":{"line":33,"column":9}},"type":"binary-expr","locations":[{"start":{"line":26,"column":9},"end":{"line":26,"column":19}},{"start":{"line":26,"column":23},"end":{"line":26,"column":33}},{"start":{"line":27,"column":10},"end":{"line":32,"column":14}}],"line":26}},"s":{"0":1,"1":4,"2":4,"3":1},"f":{"0":4,"1":1},"b":{"0":[4,3,3]},"_coverageSchema":"1a1c01bbd47fc00a2c39e90264f33305004495a9","hash":"0d801d480febce48458356d7b96ddfab00bf506c"}
,"D:\\Web-Development\\Dibimbing\\TUGAS\\Assignment Day 35 - Mini Project Mentoring React\\src\\components\\Breadcrumb.jsx": {"path":"D:\\Web-Development\\Dibimbing\\TUGAS\\Assignment Day 35 - Mini Project Mentoring React\\src\\components\\Breadcrumb.jsx","statementMap":{"0":{"start":{"line":6,"column":19},"end":{"line":29,"column":1}},"1":{"start":{"line":7,"column":2},"end":{"line":28,"column":4}},"2":{"start":{"line":13,"column":8},"end":{"line":25,"column":14}}},"fnMap":{"0":{"name":"(anonymous_0)","decl":{"start":{"line":6,"column":19},"end":{"line":6,"column":20}},"loc":{"start":{"line":6,"column":34},"end":{"line":29,"column":1}},"line":6},"1":{"name":"(anonymous_1)","decl":{"start":{"line":12,"column":17},"end":{"line":12,"column":18}},"loc":{"start":{"line":13,"column":8},"end":{"line":25,"column":14}},"line":13}},"branchMap":{"0":{"loc":{"start":{"line":14,"column":11},"end":{"line":14,"column":79}},"type":"binary-expr","locations":[{"start":{"line":14,"column":11},"end":{"line":14,"column":20}},{"start":{"line":14,"column":24},"end":{"line":14,"column":79}}],"line":14},"1":{"loc":{"start":{"line":15,"column":11},"end":{"line":24,"column":11}},"type":"cond-expr","locations":[{"start":{"line":16,"column":12},"end":{"line":21,"column":19}},{"start":{"line":23,"column":12},"end":{"line":23,"column":75}}],"line":15}},"s":{"0":1,"1":3,"2":9},"f":{"0":3,"1":9},"b":{"0":[9,6],"1":[6,3]},"_coverageSchema":"1a1c01bbd47fc00a2c39e90264f33305004495a9","hash":"8dee8f89dff760b22c201aa1a822c921d0b440c9"}
,"D:\\Web-Development\\Dibimbing\\TUGAS\\Assignment Day 35 - Mini Project Mentoring React\\src\\components\\Button.jsx": {"path":"D:\\Web-Development\\Dibimbing\\TUGAS\\Assignment Day 35 - Mini Project Mentoring React\\src\\components\\Button.jsx","statementMap":{"0":{"start":{"line":3,"column":15},"end":{"line":31,"column":1}},"1":{"start":{"line":10,"column":15},"end":{"line":10,"column":46}},"2":{"start":{"line":11,"column":19},"end":{"line":19,"column":3}},"3":{"start":{"line":21,"column":2},"end":{"line":30,"column":4}}},"fnMap":{"0":{"name":"(anonymous_0)","decl":{"start":{"line":3,"column":15},"end":{"line":3,"column":16}},"loc":{"start":{"line":9,"column":6},"end":{"line":31,"column":1}},"line":9}},"branchMap":{"0":{"loc":{"start":{"line":5,"column":2},"end":{"line":5,"column":21}},"type":"default-arg","locations":[{"start":{"line":5,"column":12},"end":{"line":5,"column":21}}],"line":5}},"s":{"0":5,"1":30,"2":30,"3":30},"f":{"0":30},"b":{"0":[11]},"_coverageSchema":"1a1c01bbd47fc00a2c39e90264f33305004495a9","hash":"d46acc97e7e08a1f17155fa82cb64bbbe80152d2"}
,"D:\\Web-Development\\Dibimbing\\TUGAS\\Assignment Day 35 - Mini Project Mentoring React\\src\\components\\CardTourGuide.jsx": {"path":"D:\\Web-Development\\Dibimbing\\TUGAS\\Assignment Day 35 - Mini Project Mentoring React\\src\\components\\CardTourGuide.jsx","statementMap":{"0":{"start":{"line":3,"column":22},"end":{"line":24,"column":1}},"1":{"start":{"line":4,"column":55},"end":{"line":4,"column":59}},"2":{"start":{"line":6,"column":2},"end":{"line":23,"column":4}}},"fnMap":{"0":{"name":"(anonymous_0)","decl":{"start":{"line":3,"column":22},"end":{"line":3,"column":23}},"loc":{"start":{"line":3,"column":36},"end":{"line":24,"column":1}},"line":3}},"branchMap":{},"s":{"0":1,"1":3,"2":3},"f":{"0":3},"b":{},"_coverageSchema":"1a1c01bbd47fc00a2c39e90264f33305004495a9","hash":"5e46ab48ddfe838536c042e0036d66f94aa653b5"}
,"D:\\Web-Development\\Dibimbing\\TUGAS\\Assignment Day 35 - Mini Project Mentoring React\\src\\components\\CardUserDetail.jsx": {"path":"D:\\Web-Development\\Dibimbing\\TUGAS\\Assignment Day 35 - Mini Project Mentoring React\\src\\components\\CardUserDetail.jsx","statementMap":{"0":{"start":{"line":6,"column":23},"end":{"line":93,"column":1}},"1":{"start":{"line":7,"column":19},"end":{"line":7,"column":32}},"2":{"start":{"line":8,"column":36},"end":{"line":8,"column":51}},"3":{"start":{"line":9,"column":17},"end":{"line":9,"column":20}},"4":{"start":{"line":10,"column":20},"end":{"line":10,"column":61}},"5":{"start":{"line":12,"column":2},"end":{"line":92,"column":4}},"6":{"start":{"line":19,"column":25},"end":{"line":19,"column":37}},"7":{"start":{"line":40,"column":16},"end":{"line":48,"column":18}},"8":{"start":{"line":68,"column":20},"end":{"line":73,"column":27}}},"fnMap":{"0":{"name":"(anonymous_0)","decl":{"start":{"line":6,"column":23},"end":{"line":6,"column":24}},"loc":{"start":{"line":6,"column":45},"end":{"line":93,"column":1}},"line":6},"1":{"name":"(anonymous_1)","decl":{"start":{"line":19,"column":19},"end":{"line":19,"column":20}},"loc":{"start":{"line":19,"column":25},"end":{"line":19,"column":37}},"line":19},"2":{"name":"(anonymous_2)","decl":{"start":{"line":39,"column":41},"end":{"line":39,"column":42}},"loc":{"start":{"line":40,"column":16},"end":{"line":48,"column":18}},"line":40},"3":{"name":"(anonymous_3)","decl":{"start":{"line":67,"column":33},"end":{"line":67,"column":34}},"loc":{"start":{"line":68,"column":20},"end":{"line":73,"column":27}},"line":68}},"branchMap":{"0":{"loc":{"start":{"line":44,"column":20},"end":{"line":46,"column":41}},"type":"cond-expr","locations":[{"start":{"line":45,"column":24},"end":{"line":45,"column":57}},{"start":{"line":46,"column":24},"end":{"line":46,"column":41}}],"line":44},"1":{"loc":{"start":{"line":84,"column":7},"end":{"line":90,"column":7}},"type":"binary-expr","locations":[{"start":{"line":84,"column":7},"end":{"line":84,"column":16}},{"start":{"line":85,"column":8},"end":{"line":89,"column":10}}],"line":84}},"s":{"0":1,"1":4,"2":4,"3":4,"4":4,"5":4,"6":0,"7":20,"8":12},"f":{"0":4,"1":0,"2":20,"3":12},"b":{"0":[16,4],"1":[4,0]},"_coverageSchema":"1a1c01bbd47fc00a2c39e90264f33305004495a9","hash":"08bd5030d5f5fc5da46e443d9d43d553c307ea26"}
,"D:\\Web-Development\\Dibimbing\\TUGAS\\Assignment Day 35 - Mini Project Mentoring React\\src\\components\\CarouselCard.jsx": {"path":"D:\\Web-Development\\Dibimbing\\TUGAS\\Assignment Day 35 - Mini Project Mentoring React\\src\\components\\CarouselCard.jsx","statementMap":{"0":{"start":{"line":11,"column":21},"end":{"line":51,"column":1}},"1":{"start":{"line":12,"column":19},"end":{"line":12,"column":32}},"2":{"start":{"line":13,"column":2},"end":{"line":50,"column":4}},"3":{"start":{"line":27,"column":10},"end":{"line":46,"column":24}},"4":{"start":{"line":41,"column":57},"end":{"line":41,"column":70}}},"fnMap":{"0":{"name":"(anonymous_0)","decl":{"start":{"line":11,"column":21},"end":{"line":11,"column":22}},"loc":{"start":{"line":11,"column":36},"end":{"line":51,"column":1}},"line":11},"1":{"name":"(anonymous_1)","decl":{"start":{"line":26,"column":19},"end":{"line":26,"column":20}},"loc":{"start":{"line":27,"column":10},"end":{"line":46,"column":24}},"line":27},"2":{"name":"(anonymous_2)","decl":{"start":{"line":41,"column":51},"end":{"line":41,"column":52}},"loc":{"start":{"line":41,"column":57},"end":{"line":41,"column":70}},"line":41}},"branchMap":{},"s":{"0":0,"1":0,"2":0,"3":0,"4":0},"f":{"0":0,"1":0,"2":0},"b":{}}
,"D:\\Web-Development\\Dibimbing\\TUGAS\\Assignment Day 35 - Mini Project Mentoring React\\src\\components\\ConfirmModal.jsx": {"path":"D:\\Web-Development\\Dibimbing\\TUGAS\\Assignment Day 35 - Mini Project Mentoring React\\src\\components\\ConfirmModal.jsx","statementMap":{"0":{"start":{"line":3,"column":21},"end":{"line":41,"column":1}},"1":{"start":{"line":10,"column":19},"end":{"line":10,"column":36}},"2":{"start":{"line":12,"column":20},"end":{"line":12,"column":63}},"3":{"start":{"line":13,"column":22},"end":{"line":15,"column":37}},"4":{"start":{"line":16,"column":22},"end":{"line":16,"column":60}},"5":{"start":{"line":18,"column":2},"end":{"line":40,"column":4}}},"fnMap":{"0":{"name":"(anonymous_0)","decl":{"start":{"line":3,"column":21},"end":{"line":3,"column":22}},"loc":{"start":{"line":9,"column":6},"end":{"line":41,"column":1}},"line":9}},"branchMap":{"0":{"loc":{"start":{"line":4,"column":2},"end":{"line":4,"column":17}},"type":"default-arg","locations":[{"start":{"line":4,"column":9},"end":{"line":4,"column":17}}],"line":4},"1":{"loc":{"start":{"line":12,"column":20},"end":{"line":12,"column":63}},"type":"cond-expr","locations":[{"start":{"line":12,"column":31},"end":{"line":12,"column":45}},{"start":{"line":12,"column":48},"end":{"line":12,"column":63}}],"line":12},"2":{"loc":{"start":{"line":13,"column":22},"end":{"line":15,"column":37}},"type":"cond-expr","locations":[{"start":{"line":14,"column":6},"end":{"line":14,"column":35}},{"start":{"line":15,"column":6},"end":{"line":15,"column":37}}],"line":13},"3":{"loc":{"start":{"line":16,"column":22},"end":{"line":16,"column":60}},"type":"cond-expr","locations":[{"start":{"line":16,"column":33},"end":{"line":16,"column":46}},{"start":{"line":16,"column":49},"end":{"line":16,"column":60}}],"line":16}},"s":{"0":2,"1":9,"2":9,"3":9,"4":9,"5":9},"f":{"0":9},"b":{"0":[4],"1":[4,5],"2":[4,5],"3":[4,5]},"_coverageSchema":"1a1c01bbd47fc00a2c39e90264f33305004495a9","hash":"07c4fbf99197fddc31c94097d649c5384a983548"}
,"D:\\Web-Development\\Dibimbing\\TUGAS\\Assignment Day 35 - Mini Project Mentoring React\\src\\components\\Destination.jsx": {"path":"D:\\Web-Development\\Dibimbing\\TUGAS\\Assignment Day 35 - Mini Project Mentoring React\\src\\components\\Destination.jsx","statementMap":{"0":{"start":{"line":3,"column":20},"end":{"line":51,"column":1}},"1":{"start":{"line":4,"column":17},"end":{"line":25,"column":3}},"2":{"start":{"line":27,"column":2},"end":{"line":50,"column":4}},"3":{"start":{"line":30,"column":8},"end":{"line":47,"column":14}}},"fnMap":{"0":{"name":"(anonymous_0)","decl":{"start":{"line":3,"column":20},"end":{"line":3,"column":21}},"loc":{"start":{"line":3,"column":26},"end":{"line":51,"column":1}},"line":3},"1":{"name":"(anonymous_1)","decl":{"start":{"line":29,"column":18},"end":{"line":29,"column":19}},"loc":{"start":{"line":30,"column":8},"end":{"line":47,"column":14}},"line":30}},"branchMap":{},"s":{"0":1,"1":2,"2":2,"3":8},"f":{"0":2,"1":8},"b":{},"_coverageSchema":"1a1c01bbd47fc00a2c39e90264f33305004495a9","hash":"2619d0708006bc3a80f39238ce3a22d3d2ddf83e"}
,"D:\\Web-Development\\Dibimbing\\TUGAS\\Assignment Day 35 - Mini Project Mentoring React\\src\\components\\EditData.jsx": {"path":"D:\\Web-Development\\Dibimbing\\TUGAS\\Assignment Day 35 - Mini Project Mentoring React\\src\\components\\EditData.jsx","statementMap":{"0":{"start":{"line":9,"column":17},"end":{"line":101,"column":1}},"1":{"start":{"line":10,"column":58},"end":{"line":10,"column":73}},"2":{"start":{"line":11,"column":50},"end":{"line":11,"column":65}},"3":{"start":{"line":12,"column":19},"end":{"line":12,"column":35}},"4":{"start":{"line":14,"column":34},"end":{"line":18,"column":4}},"5":{"start":{"line":20,"column":23},"end":{"line":26,"column":3}},"6":{"start":{"line":21,"column":28},"end":{"line":21,"column":36}},"7":{"start":{"line":22,"column":4},"end":{"line":25,"column":8}},"8":{"start":{"line":22,"column":27},"end":{"line":25,"column":5}},"9":{"start":{"line":28,"column":2},"end":{"line":100,"column":4}},"10":{"start":{"line":67,"column":14},"end":{"line":67,"column":33}},"11":{"start":{"line":68,"column":14},"end":{"line":68,"column":44}},"12":{"start":{"line":82,"column":12},"end":{"line":82,"column":38}},"13":{"start":{"line":83,"column":12},"end":{"line":86,"column":21}},"14":{"start":{"line":84,"column":14},"end":{"line":84,"column":41}},"15":{"start":{"line":85,"column":14},"end":{"line":85,"column":28}},"16":{"start":{"line":88,"column":26},"end":{"line":88,"column":56}}},"fnMap":{"0":{"name":"(anonymous_0)","decl":{"start":{"line":9,"column":17},"end":{"line":9,"column":18}},"loc":{"start":{"line":9,"column":40},"end":{"line":101,"column":1}},"line":9},"1":{"name":"(anonymous_1)","decl":{"start":{"line":20,"column":23},"end":{"line":20,"column":24}},"loc":{"start":{"line":20,"column":30},"end":{"line":26,"column":3}},"line":20},"2":{"name":"(anonymous_2)","decl":{"start":{"line":22,"column":16},"end":{"line":22,"column":17}},"loc":{"start":{"line":22,"column":27},"end":{"line":25,"column":5}},"line":22},"3":{"name":"(anonymous_3)","decl":{"start":{"line":66,"column":21},"end":{"line":66,"column":22}},"loc":{"start":{"line":66,"column":28},"end":{"line":69,"column":13}},"line":66},"4":{"name":"(anonymous_4)","decl":{"start":{"line":81,"column":21},"end":{"line":81,"column":22}},"loc":{"start":{"line":81,"column":27},"end":{"line":87,"column":11}},"line":81},"5":{"name":"(anonymous_5)","decl":{"start":{"line":83,"column":23},"end":{"line":83,"column":24}},"loc":{"start":{"line":83,"column":29},"end":{"line":86,"column":13}},"line":83},"6":{"name":"(anonymous_6)","decl":{"start":{"line":88,"column":20},"end":{"line":88,"column":21}},"loc":{"start":{"line":88,"column":26},"end":{"line":88,"column":56}},"line":88}},"branchMap":{"0":{"loc":{"start":{"line":15,"column":16},"end":{"line":15,"column":37}},"type":"binary-expr","locations":[{"start":{"line":15,"column":16},"end":{"line":15,"column":31}},{"start":{"line":15,"column":35},"end":{"line":15,"column":37}}],"line":15},"1":{"loc":{"start":{"line":16,"column":15},"end":{"line":16,"column":35}},"type":"binary-expr","locations":[{"start":{"line":16,"column":15},"end":{"line":16,"column":29}},{"start":{"line":16,"column":33},"end":{"line":16,"column":35}}],"line":16},"2":{"loc":{"start":{"line":17,"column":11},"end":{"line":17,"column":27}},"type":"binary-expr","locations":[{"start":{"line":17,"column":11},"end":{"line":17,"column":21}},{"start":{"line":17,"column":25},"end":{"line":17,"column":27}}],"line":17},"3":{"loc":{"start":{"line":76,"column":7},"end":{"line":90,"column":7}},"type":"binary-expr","locations":[{"start":{"line":76,"column":7},"end":{"line":76,"column":27}},{"start":{"line":77,"column":8},"end":{"line":89,"column":10}}],"line":76},"4":{"loc":{"start":{"line":92,"column":7},"end":{"line":98,"column":7}},"type":"binary-expr","locations":[{"start":{"line":92,"column":7},"end":{"line":92,"column":23}},{"start":{"line":93,"column":8},"end":{"line":97,"column":10}}],"line":92}},"s":{"0":1,"1":12,"2":12,"3":12,"4":12,"5":12,"6":1,"7":1,"8":1,"9":12,"10":3,"11":3,"12":1,"13":1,"14":1,"15":1,"16":1},"f":{"0":12,"1":1,"2":1,"3":3,"4":1,"5":1,"6":1},"b":{"0":[12,0],"1":[12,0],"2":[12,0],"3":[12,4],"4":[12,1]},"_coverageSchema":"1a1c01bbd47fc00a2c39e90264f33305004495a9","hash":"be5c8ec276f167ac76c1ad67b9425d5c76678cf2"}
,"D:\\Web-Development\\Dibimbing\\TUGAS\\Assignment Day 35 - Mini Project Mentoring React\\src\\components\\Footer.jsx": {"path":"D:\\Web-Development\\Dibimbing\\TUGAS\\Assignment Day 35 - Mini Project Mentoring React\\src\\components\\Footer.jsx","statementMap":{"0":{"start":{"line":3,"column":15},"end":{"line":50,"column":1}},"1":{"start":{"line":4,"column":2},"end":{"line":49,"column":4}}},"fnMap":{"0":{"name":"(anonymous_0)","decl":{"start":{"line":3,"column":15},"end":{"line":3,"column":16}},"loc":{"start":{"line":3,"column":21},"end":{"line":50,"column":1}},"line":3}},"branchMap":{},"s":{"0":1,"1":3},"f":{"0":3},"b":{},"_coverageSchema":"1a1c01bbd47fc00a2c39e90264f33305004495a9","hash":"8df1bb94dc302192a4edc72d9f2003aea76c40f1"}
,"D:\\Web-Development\\Dibimbing\\TUGAS\\Assignment Day 35 - Mini Project Mentoring React\\src\\components\\Hello.jsx": {"path":"D:\\Web-Development\\Dibimbing\\TUGAS\\Assignment Day 35 - Mini Project Mentoring React\\src\\components\\Hello.jsx","statementMap":{"0":{"start":{"line":2,"column":2},"end":{"line":2,"column":33}}},"fnMap":{"0":{"name":"Hello","decl":{"start":{"line":1,"column":24},"end":{"line":1,"column":29}},"loc":{"start":{"line":1,"column":40},"end":{"line":3,"column":1}},"line":1}},"branchMap":{},"s":{"0":1},"f":{"0":1},"b":{},"_coverageSchema":"1a1c01bbd47fc00a2c39e90264f33305004495a9","hash":"6d56b6b83041eb44b1e2b189492ada79af58c3bc"}
,"D:\\Web-Development\\Dibimbing\\TUGAS\\Assignment Day 35 - Mini Project Mentoring React\\src\\components\\HeroSection.jsx": {"path":"D:\\Web-Development\\Dibimbing\\TUGAS\\Assignment Day 35 - Mini Project Mentoring React\\src\\components\\HeroSection.jsx","statementMap":{"0":{"start":{"line":4,"column":20},"end":{"line":33,"column":1}},"1":{"start":{"line":5,"column":19},"end":{"line":5,"column":32}},"2":{"start":{"line":6,"column":2},"end":{"line":32,"column":4}},"3":{"start":{"line":27,"column":49},"end":{"line":27,"column":62}}},"fnMap":{"0":{"name":"(anonymous_0)","decl":{"start":{"line":4,"column":20},"end":{"line":4,"column":21}},"loc":{"start":{"line":4,"column":26},"end":{"line":33,"column":1}},"line":4},"1":{"name":"(anonymous_1)","decl":{"start":{"line":27,"column":43},"end":{"line":27,"column":44}},"loc":{"start":{"line":27,"column":49},"end":{"line":27,"column":62}},"line":27}},"branchMap":{},"s":{"0":1,"1":3,"2":3,"3":1},"f":{"0":3,"1":1},"b":{},"_coverageSchema":"1a1c01bbd47fc00a2c39e90264f33305004495a9","hash":"b440eae9d8ce455171af4c82da6bba5d03293d7e"}
,"D:\\Web-Development\\Dibimbing\\TUGAS\\Assignment Day 35 - Mini Project Mentoring React\\src\\components\\InputForm.jsx": {"path":"D:\\Web-Development\\Dibimbing\\TUGAS\\Assignment Day 35 - Mini Project Mentoring React\\src\\components\\InputForm.jsx","statementMap":{"0":{"start":{"line":1,"column":14},"end":{"line":18,"column":1}},"1":{"start":{"line":2,"column":13},"end":{"line":2,"column":50}},"2":{"start":{"line":3,"column":2},"end":{"line":17,"column":4}}},"fnMap":{"0":{"name":"(anonymous_0)","decl":{"start":{"line":1,"column":14},"end":{"line":1,"column":15}},"loc":{"start":{"line":1,"column":77},"end":{"line":18,"column":1}},"line":1}},"branchMap":{"0":{"loc":{"start":{"line":1,"column":24},"end":{"line":1,"column":37}},"type":"default-arg","locations":[{"start":{"line":1,"column":31},"end":{"line":1,"column":37}}],"line":1}},"s":{"0":1,"1":36,"2":36},"f":{"0":36},"b":{"0":[0]},"_coverageSchema":"1a1c01bbd47fc00a2c39e90264f33305004495a9","hash":"55accc1f03bb5a7790eb9a22867be38354e7aaa9"}
,"D:\\Web-Development\\Dibimbing\\TUGAS\\Assignment Day 35 - Mini Project Mentoring React\\src\\components\\LoadingSpinner.jsx": {"path":"D:\\Web-Development\\Dibimbing\\TUGAS\\Assignment Day 35 - Mini Project Mentoring React\\src\\components\\LoadingSpinner.jsx","statementMap":{"0":{"start":{"line":3,"column":23},"end":{"line":10,"column":1}},"1":{"start":{"line":4,"column":2},"end":{"line":9,"column":4}}},"fnMap":{"0":{"name":"(anonymous_0)","decl":{"start":{"line":3,"column":23},"end":{"line":3,"column":24}},"loc":{"start":{"line":3,"column":29},"end":{"line":10,"column":1}},"line":3}},"branchMap":{},"s":{"0":1,"1":2},"f":{"0":2},"b":{},"_coverageSchema":"1a1c01bbd47fc00a2c39e90264f33305004495a9","hash":"5bb0be1c932aecd915c1de353e44facd3cbcc58b"}
,"D:\\Web-Development\\Dibimbing\\TUGAS\\Assignment Day 35 - Mini Project Mentoring React\\src\\components\\Navbar.jsx": {"path":"D:\\Web-Development\\Dibimbing\\TUGAS\\Assignment Day 35 - Mini Project Mentoring React\\src\\components\\Navbar.jsx","statementMap":{"0":{"start":{"line":6,"column":15},"end":{"line":113,"column":1}},"1":{"start":{"line":7,"column":16},"end":{"line":7,"column":45}},"2":{"start":{"line":8,"column":50},"end":{"line":8,"column":65}},"3":{"start":{"line":10,"column":23},"end":{"line":12,"column":3}},"4":{"start":{"line":11,"column":4},"end":{"line":11,"column":37}},"5":{"start":{"line":14,"column":21},"end":{"line":16,"column":3}},"6":{"start":{"line":15,"column":4},"end":{"line":15,"column":41}},"7":{"start":{"line":15,"column":34},"end":{"line":15,"column":39}},"8":{"start":{"line":18,"column":2},"end":{"line":112,"column":4}},"9":{"start":{"line":77,"column":29},"end":{"line":77,"column":55}},"10":{"start":{"line":84,"column":29},"end":{"line":84,"column":55}},"11":{"start":{"line":92,"column":31},"end":{"line":92,"column":57}},"12":{"start":{"line":101,"column":18},"end":{"line":101,"column":33}},"13":{"start":{"line":102,"column":18},"end":{"line":102,"column":45}}},"fnMap":{"0":{"name":"(anonymous_0)","decl":{"start":{"line":6,"column":15},"end":{"line":6,"column":16}},"loc":{"start":{"line":6,"column":21},"end":{"line":113,"column":1}},"line":6},"1":{"name":"(anonymous_1)","decl":{"start":{"line":10,"column":23},"end":{"line":10,"column":24}},"loc":{"start":{"line":10,"column":29},"end":{"line":12,"column":3}},"line":10},"2":{"name":"(anonymous_2)","decl":{"start":{"line":14,"column":21},"end":{"line":14,"column":22}},"loc":{"start":{"line":14,"column":27},"end":{"line":16,"column":3}},"line":14},"3":{"name":"(anonymous_3)","decl":{"start":{"line":15,"column":24},"end":{"line":15,"column":25}},"loc":{"start":{"line":15,"column":34},"end":{"line":15,"column":39}},"line":15},"4":{"name":"(anonymous_4)","decl":{"start":{"line":77,"column":23},"end":{"line":77,"column":24}},"loc":{"start":{"line":77,"column":29},"end":{"line":77,"column":55}},"line":77},"5":{"name":"(anonymous_5)","decl":{"start":{"line":84,"column":23},"end":{"line":84,"column":24}},"loc":{"start":{"line":84,"column":29},"end":{"line":84,"column":55}},"line":84},"6":{"name":"(anonymous_6)","decl":{"start":{"line":92,"column":25},"end":{"line":92,"column":26}},"loc":{"start":{"line":92,"column":31},"end":{"line":92,"column":57}},"line":92},"7":{"name":"(anonymous_7)","decl":{"start":{"line":100,"column":25},"end":{"line":100,"column":26}},"loc":{"start":{"line":100,"column":31},"end":{"line":103,"column":17}},"line":100}},"branchMap":{"0":{"loc":{"start":{"line":37,"column":11},"end":{"line":52,"column":11}},"type":"cond-expr","locations":[{"start":{"line":38,"column":12},"end":{"line":43,"column":19}},{"start":{"line":45,"column":12},"end":{"line":51,"column":19}}],"line":37},"1":{"loc":{"start":{"line":60,"column":11},"end":{"line":60,"column":66}},"type":"cond-expr","locations":[{"start":{"line":60,"column":30},"end":{"line":60,"column":45}},{"start":{"line":60,"column":48},"end":{"line":60,"column":66}}],"line":60},"2":{"loc":{"start":{"line":66,"column":9},"end":{"line":109,"column":9}},"type":"binary-expr","locations":[{"start":{"line":66,"column":9},"end":{"line":66,"column":25}},{"start":{"line":67,"column":10},"end":{"line":108,"column":23}}],"line":66},"3":{"loc":{"start":{"line":88,"column":13},"end":{"line":107,"column":13}},"type":"cond-expr","locations":[{"start":{"line":89,"column":14},"end":{"line":95,"column":21}},{"start":{"line":97,"column":14},"end":{"line":106,"column":21}}],"line":88}},"s":{"0":1,"1":6,"2":6,"3":6,"4":1,"5":6,"6":1,"7":1,"8":6,"9":0,"10":0,"11":0,"12":0,"13":0},"f":{"0":6,"1":1,"2":1,"3":1,"4":0,"5":0,"6":0,"7":0},"b":{"0":[4,2],"1":[1,5],"2":[6,1],"3":[1,0]},"_coverageSchema":"1a1c01bbd47fc00a2c39e90264f33305004495a9","hash":"fbbf629d2b85cc179f16eba12126bbff22479bfa"}
,"D:\\Web-Development\\Dibimbing\\TUGAS\\Assignment Day 35 - Mini Project Mentoring React\\src\\components\\Pagination.jsx": {"path":"D:\\Web-Development\\Dibimbing\\TUGAS\\Assignment Day 35 - Mini Project Mentoring React\\src\\components\\Pagination.jsx","statementMap":{"0":{"start":{"line":4,"column":19},"end":{"line":41,"column":1}},"1":{"start":{"line":5,"column":2},"end":{"line":40,"column":4}},"2":{"start":{"line":8,"column":23},"end":{"line":8,"column":52}},"3":{"start":{"line":16,"column":24},"end":{"line":16,"column":33}},"4":{"start":{"line":17,"column":8},"end":{"line":29,"column":10}},"5":{"start":{"line":20,"column":27},"end":{"line":20,"column":48}},"6":{"start":{"line":33,"column":23},"end":{"line":33,"column":52}}},"fnMap":{"0":{"name":"(anonymous_0)","decl":{"start":{"line":4,"column":19},"end":{"line":4,"column":20}},"loc":{"start":{"line":4,"column":66},"end":{"line":41,"column":1}},"line":4},"1":{"name":"(anonymous_1)","decl":{"start":{"line":8,"column":17},"end":{"line":8,"column":18}},"loc":{"start":{"line":8,"column":23},"end":{"line":8,"column":52}},"line":8},"2":{"name":"(anonymous_2)","decl":{"start":{"line":15,"column":34},"end":{"line":15,"column":35}},"loc":{"start":{"line":15,"column":48},"end":{"line":30,"column":7}},"line":15},"3":{"name":"(anonymous_3)","decl":{"start":{"line":20,"column":21},"end":{"line":20,"column":22}},"loc":{"start":{"line":20,"column":27},"end":{"line":20,"column":48}},"line":20},"4":{"name":"(anonymous_4)","decl":{"start":{"line":33,"column":17},"end":{"line":33,"column":18}},"loc":{"start":{"line":33,"column":23},"end":{"line":33,"column":52}},"line":33}},"branchMap":{"0":{"loc":{"start":{"line":22,"column":14},"end":{"line":24,"column":57}},"type":"cond-expr","locations":[{"start":{"line":23,"column":18},"end":{"line":23,"column":42}},{"start":{"line":24,"column":18},"end":{"line":24,"column":57}}],"line":22}},"s":{"0":1,"1":3,"2":1,"3":9,"4":9,"5":2,"6":1},"f":{"0":3,"1":1,"2":9,"3":2,"4":1},"b":{"0":[3,6]},"_coverageSchema":"1a1c01bbd47fc00a2c39e90264f33305004495a9","hash":"9e47552e3ebe2f3f6a3da6424ec2619f35cdafcc"}
,"D:\\Web-Development\\Dibimbing\\TUGAS\\Assignment Day 35 - Mini Project Mentoring React\\src\\components\\ProtectedRoute.jsx": {"path":"D:\\Web-Development\\Dibimbing\\TUGAS\\Assignment Day 35 - Mini Project Mentoring React\\src\\components\\ProtectedRoute.jsx","statementMap":{"0":{"start":{"line":4,"column":23},"end":{"line":12,"column":1}},"1":{"start":{"line":5,"column":16},"end":{"line":5,"column":45}},"2":{"start":{"line":7,"column":2},"end":{"line":9,"column":3}},"3":{"start":{"line":8,"column":4},"end":{"line":8,"column":38}},"4":{"start":{"line":11,"column":2},"end":{"line":11,"column":45}}},"fnMap":{"0":{"name":"(anonymous_0)","decl":{"start":{"line":4,"column":23},"end":{"line":4,"column":24}},"loc":{"start":{"line":4,"column":41},"end":{"line":12,"column":1}},"line":4}},"branchMap":{"0":{"loc":{"start":{"line":7,"column":2},"end":{"line":9,"column":3}},"type":"if","locations":[{"start":{"line":7,"column":2},"end":{"line":9,"column":3}},{"start":{},"end":{}}],"line":7},"1":{"loc":{"start":{"line":11,"column":15},"end":{"line":11,"column":37}},"type":"binary-expr","locations":[{"start":{"line":11,"column":15},"end":{"line":11,"column":23}},{"start":{"line":11,"column":27},"end":{"line":11,"column":37}}],"line":11}},"s":{"0":1,"1":2,"2":2,"3":1,"4":1},"f":{"0":2},"b":{"0":[1,1],"1":[1,0]},"_coverageSchema":"1a1c01bbd47fc00a2c39e90264f33305004495a9","hash":"bd272fa8118c3f540574c5bade303c534607f34c"}
,"D:\\Web-Development\\Dibimbing\\TUGAS\\Assignment Day 35 - Mini Project Mentoring React\\src\\components\\SearchInput.jsx": {"path":"D:\\Web-Development\\Dibimbing\\TUGAS\\Assignment Day 35 - Mini Project Mentoring React\\src\\components\\SearchInput.jsx","statementMap":{"0":{"start":{"line":5,"column":20},"end":{"line":26,"column":1}},"1":{"start":{"line":11,"column":2},"end":{"line":25,"column":4}}},"fnMap":{"0":{"name":"(anonymous_0)","decl":{"start":{"line":5,"column":20},"end":{"line":5,"column":21}},"loc":{"start":{"line":10,"column":6},"end":{"line":26,"column":1}},"line":10}},"branchMap":{"0":{"loc":{"start":{"line":8,"column":2},"end":{"line":8,"column":25}},"type":"default-arg","locations":[{"start":{"line":8,"column":16},"end":{"line":8,"column":25}}],"line":8},"1":{"loc":{"start":{"line":9,"column":2},"end":{"line":9,"column":19}},"type":"default-arg","locations":[{"start":{"line":9,"column":14},"end":{"line":9,"column":19}}],"line":9}},"s":{"0":1,"1":3},"f":{"0":3},"b":{"0":[2],"1":[3]},"_coverageSchema":"1a1c01bbd47fc00a2c39e90264f33305004495a9","hash":"0f723b40f43abcaa84b73a739a1c6206aca28d3d"}
,"D:\\Web-Development\\Dibimbing\\TUGAS\\Assignment Day 35 - Mini Project Mentoring React\\src\\components\\SuccessModal.jsx": {"path":"D:\\Web-Development\\Dibimbing\\TUGAS\\Assignment Day 35 - Mini Project Mentoring React\\src\\components\\SuccessModal.jsx","statementMap":{"0":{"start":{"line":4,"column":19},"end":{"line":8,"column":1}},"1":{"start":{"line":10,"column":21},"end":{"line":22,"column":1}},"2":{"start":{"line":11,"column":20},"end":{"line":11,"column":56}},"3":{"start":{"line":13,"column":2},"end":{"line":21,"column":4}}},"fnMap":{"0":{"name":"(anonymous_0)","decl":{"start":{"line":10,"column":21},"end":{"line":10,"column":22}},"loc":{"start":{"line":10,"column":60},"end":{"line":22,"column":1}},"line":10}},"branchMap":{"0":{"loc":{"start":{"line":10,"column":24},"end":{"line":10,"column":37}},"type":"default-arg","locations":[{"start":{"line":10,"column":31},"end":{"line":10,"column":37}}],"line":10},"1":{"loc":{"start":{"line":11,"column":20},"end":{"line":11,"column":56}},"type":"binary-expr","locations":[{"start":{"line":11,"column":20},"end":{"line":11,"column":36}},{"start":{"line":11,"column":40},"end":{"line":11,"column":56}}],"line":11}},"s":{"0":2,"1":2,"2":1,"3":1},"f":{"0":1},"b":{"0":[0],"1":[1,0]},"_coverageSchema":"1a1c01bbd47fc00a2c39e90264f33305004495a9","hash":"3d709b2fe08cadf2f8311af91dc7724b6c7f9323"}
,"D:\\Web-Development\\Dibimbing\\TUGAS\\Assignment Day 35 - Mini Project Mentoring React\\src\\pages\\LandingPage.jsx": {"path":"D:\\Web-Development\\Dibimbing\\TUGAS\\Assignment Day 35 - Mini Project Mentoring React\\src\\pages\\LandingPage.jsx","statementMap":{"0":{"start":{"line":9,"column":17},"end":{"line":32,"column":1}},"1":{"start":{"line":10,"column":34},"end":{"line":10,"column":44}},"2":{"start":{"line":12,"column":2},"end":{"line":14,"column":9}},"3":{"start":{"line":13,"column":4},"end":{"line":13,"column":19}},"4":{"start":{"line":16,"column":2},"end":{"line":31,"column":4}}},"fnMap":{"0":{"name":"(anonymous_0)","decl":{"start":{"line":9,"column":17},"end":{"line":9,"column":18}},"loc":{"start":{"line":9,"column":23},"end":{"line":32,"column":1}},"line":9},"1":{"name":"(anonymous_1)","decl":{"start":{"line":12,"column":12},"end":{"line":12,"column":13}},"loc":{"start":{"line":12,"column":18},"end":{"line":14,"column":3}},"line":12}},"branchMap":{},"s":{"0":1,"1":2,"2":2,"3":2,"4":2},"f":{"0":2,"1":2},"b":{},"_coverageSchema":"1a1c01bbd47fc00a2c39e90264f33305004495a9","hash":"7d4063943a8714850c8223b39e2e4d3f24c1d8ab"}
,"D:\\Web-Development\\Dibimbing\\TUGAS\\Assignment Day 35 - Mini Project Mentoring React\\src\\pages\\LoginPage.jsx": {"path":"D:\\Web-Development\\Dibimbing\\TUGAS\\Assignment Day 35 - Mini Project Mentoring React\\src\\pages\\LoginPage.jsx","statementMap":{"0":{"start":{"line":6,"column":18},"end":{"line":85,"column":1}},"1":{"start":{"line":18,"column":6},"end":{"line":18,"column":20}},"2":{"start":{"line":20,"column":2},"end":{"line":84,"column":4}}},"fnMap":{"0":{"name":"(anonymous_0)","decl":{"start":{"line":6,"column":18},"end":{"line":6,"column":19}},"loc":{"start":{"line":6,"column":24},"end":{"line":85,"column":1}},"line":6}},"branchMap":{"0":{"loc":{"start":{"line":28,"column":7},"end":{"line":33,"column":7}},"type":"binary-expr","locations":[{"start":{"line":28,"column":7},"end":{"line":28,"column":12}},{"start":{"line":29,"column":8},"end":{"line":32,"column":14}}],"line":28},"1":{"loc":{"start":{"line":35,"column":7},"end":{"line":40,"column":7}},"type":"binary-expr","locations":[{"start":{"line":35,"column":7},"end":{"line":35,"column":14}},{"start":{"line":36,"column":8},"end":{"line":39,"column":14}}],"line":35},"2":{"loc":{"start":{"line":78,"column":20},"end":{"line":78,"column":39}},"type":"binary-expr","locations":[{"start":{"line":78,"column":20},"end":{"line":78,"column":26}},{"start":{"line":78,"column":30},"end":{"line":78,"column":39}}],"line":78},"3":{"loc":{"start":{"line":80,"column":11},"end":{"line":80,"column":43}},"type":"cond-expr","locations":[{"start":{"line":80,"column":21},"end":{"line":80,"column":33}},{"start":{"line":80,"column":36},"end":{"line":80,"column":43}}],"line":80}},"s":{"0":1,"1":1,"2":1},"f":{"0":1},"b":{"0":[1,0],"1":[1,0],"2":[1,0],"3":[0,1]},"_coverageSchema":"1a1c01bbd47fc00a2c39e90264f33305004495a9","hash":"8599d6e2a4e74ccd62c2a3dee18ea657c5286952"}
,"D:\\Web-Development\\Dibimbing\\TUGAS\\Assignment Day 35 - Mini Project Mentoring React\\src\\pages\\NotFoundPage.jsx": {"path":"D:\\Web-Development\\Dibimbing\\TUGAS\\Assignment Day 35 - Mini Project Mentoring React\\src\\pages\\NotFoundPage.jsx","statementMap":{"0":{"start":{"line":4,"column":21},"end":{"line":16,"column":1}},"1":{"start":{"line":5,"column":19},"end":{"line":5,"column":32}},"2":{"start":{"line":7,"column":2},"end":{"line":15,"column":4}},"3":{"start":{"line":11,"column":29},"end":{"line":11,"column":54}}},"fnMap":{"0":{"name":"(anonymous_0)","decl":{"start":{"line":4,"column":21},"end":{"line":4,"column":22}},"loc":{"start":{"line":4,"column":27},"end":{"line":16,"column":1}},"line":4},"1":{"name":"(anonymous_1)","decl":{"start":{"line":11,"column":23},"end":{"line":11,"column":24}},"loc":{"start":{"line":11,"column":29},"end":{"line":11,"column":54}},"line":11}},"branchMap":{},"s":{"0":1,"1":2,"2":2,"3":1},"f":{"0":2,"1":1},"b":{},"_coverageSchema":"1a1c01bbd47fc00a2c39e90264f33305004495a9","hash":"6bb45d1ae0297bc6a94d7a1734b5c2479a94540d"}
,"D:\\Web-Development\\Dibimbing\\TUGAS\\Assignment Day 35 - Mini Project Mentoring React\\src\\pages\\RegisterPage.jsx": {"path":"D:\\Web-Development\\Dibimbing\\TUGAS\\Assignment Day 35 - Mini Project Mentoring React\\src\\pages\\RegisterPage.jsx","statementMap":{"0":{"start":{"line":6,"column":21},"end":{"line":85,"column":1}},"1":{"start":{"line":18,"column":6},"end":{"line":18,"column":23}},"2":{"start":{"line":20,"column":2},"end":{"line":84,"column":4}}},"fnMap":{"0":{"name":"(anonymous_0)","decl":{"start":{"line":6,"column":21},"end":{"line":6,"column":22}},"loc":{"start":{"line":6,"column":27},"end":{"line":85,"column":1}},"line":6}},"branchMap":{"0":{"loc":{"start":{"line":28,"column":7},"end":{"line":33,"column":7}},"type":"binary-expr","locations":[{"start":{"line":28,"column":7},"end":{"line":28,"column":12}},{"start":{"line":29,"column":8},"end":{"line":32,"column":14}}],"line":28},"1":{"loc":{"start":{"line":35,"column":7},"end":{"line":40,"column":7}},"type":"binary-expr","locations":[{"start":{"line":35,"column":7},"end":{"line":35,"column":14}},{"start":{"line":36,"column":8},"end":{"line":39,"column":14}}],"line":35},"2":{"loc":{"start":{"line":78,"column":20},"end":{"line":78,"column":39}},"type":"binary-expr","locations":[{"start":{"line":78,"column":20},"end":{"line":78,"column":26}},{"start":{"line":78,"column":30},"end":{"line":78,"column":39}}],"line":78},"3":{"loc":{"start":{"line":80,"column":11},"end":{"line":80,"column":46}},"type":"cond-expr","locations":[{"start":{"line":80,"column":21},"end":{"line":80,"column":33}},{"start":{"line":80,"column":36},"end":{"line":80,"column":46}}],"line":80}},"s":{"0":1,"1":1,"2":1},"f":{"0":1},"b":{"0":[1,0],"1":[1,0],"2":[1,0],"3":[0,1]},"_coverageSchema":"1a1c01bbd47fc00a2c39e90264f33305004495a9","hash":"732b0b927cc37229bf755819f775ddf234dc164e"}
,"D:\\Web-Development\\Dibimbing\\TUGAS\\Assignment Day 35 - Mini Project Mentoring React\\src\\pages\\TourGuideDetailPage.jsx": {"path":"D:\\Web-Development\\Dibimbing\\TUGAS\\Assignment Day 35 - Mini Project Mentoring React\\src\\pages\\TourGuideDetailPage.jsx","statementMap":{"0":{"start":{"line":12,"column":28},"end":{"line":133,"column":1}},"1":{"start":{"line":13,"column":52},"end":{"line":13,"column":67}},"2":{"start":{"line":14,"column":15},"end":{"line":14,"column":43}},"3":{"start":{"line":15,"column":42},"end":{"line":15,"column":57}},"4":{"start":{"line":16,"column":50},"end":{"line":16,"column":65}},"5":{"start":{"line":17,"column":50},"end":{"line":17,"column":65}},"6":{"start":{"line":18,"column":36},"end":{"line":18,"column":51}},"7":{"start":{"line":19,"column":19},"end":{"line":19,"column":32}},"8":{"start":{"line":21,"column":24},"end":{"line":26,"column":3}},"9":{"start":{"line":22,"column":4},"end":{"line":22,"column":23}},"10":{"start":{"line":23,"column":4},"end":{"line":25,"column":13}},"11":{"start":{"line":24,"column":6},"end":{"line":24,"column":32}},"12":{"start":{"line":28,"column":2},"end":{"line":30,"column":9}},"13":{"start":{"line":29,"column":4},"end":{"line":29,"column":22}},"14":{"start":{"line":32,"column":2},"end":{"line":38,"column":3}},"15":{"start":{"line":33,"column":4},"end":{"line":37,"column":6}},"16":{"start":{"line":40,"column":2},"end":{"line":49,"column":3}},"17":{"start":{"line":41,"column":4},"end":{"line":48,"column":6}},"18":{"start":{"line":51,"column":2},"end":{"line":132,"column":4}},"19":{"start":{"line":73,"column":35},"end":{"line":73,"column":56}},"20":{"start":{"line":80,"column":22},"end":{"line":80,"column":48}},"21":{"start":{"line":94,"column":12},"end":{"line":94,"column":35}},"22":{"start":{"line":114,"column":12},"end":{"line":114,"column":38}},"23":{"start":{"line":115,"column":12},"end":{"line":118,"column":21}},"24":{"start":{"line":116,"column":14},"end":{"line":116,"column":41}},"25":{"start":{"line":117,"column":14},"end":{"line":117,"column":28}},"26":{"start":{"line":120,"column":26},"end":{"line":120,"column":52}}},"fnMap":{"0":{"name":"(anonymous_0)","decl":{"start":{"line":12,"column":28},"end":{"line":12,"column":29}},"loc":{"start":{"line":12,"column":34},"end":{"line":133,"column":1}},"line":12},"1":{"name":"(anonymous_1)","decl":{"start":{"line":21,"column":24},"end":{"line":21,"column":25}},"loc":{"start":{"line":21,"column":30},"end":{"line":26,"column":3}},"line":21},"2":{"name":"(anonymous_2)","decl":{"start":{"line":23,"column":15},"end":{"line":23,"column":16}},"loc":{"start":{"line":23,"column":21},"end":{"line":25,"column":5}},"line":23},"3":{"name":"(anonymous_3)","decl":{"start":{"line":28,"column":12},"end":{"line":28,"column":13}},"loc":{"start":{"line":28,"column":18},"end":{"line":30,"column":3}},"line":28},"4":{"name":"(anonymous_4)","decl":{"start":{"line":73,"column":29},"end":{"line":73,"column":30}},"loc":{"start":{"line":73,"column":35},"end":{"line":73,"column":56}},"line":73},"5":{"name":"(anonymous_5)","decl":{"start":{"line":79,"column":29},"end":{"line":79,"column":30}},"loc":{"start":{"line":79,"column":35},"end":{"line":81,"column":21}},"line":79},"6":{"name":"(anonymous_6)","decl":{"start":{"line":93,"column":19},"end":{"line":93,"column":20}},"loc":{"start":{"line":93,"column":25},"end":{"line":95,"column":11}},"line":93},"7":{"name":"(anonymous_7)","decl":{"start":{"line":113,"column":21},"end":{"line":113,"column":22}},"loc":{"start":{"line":113,"column":27},"end":{"line":119,"column":11}},"line":113},"8":{"name":"(anonymous_8)","decl":{"start":{"line":115,"column":23},"end":{"line":115,"column":24}},"loc":{"start":{"line":115,"column":29},"end":{"line":118,"column":13}},"line":115},"9":{"name":"(anonymous_9)","decl":{"start":{"line":120,"column":20},"end":{"line":120,"column":21}},"loc":{"start":{"line":120,"column":26},"end":{"line":120,"column":52}},"line":120}},"branchMap":{"0":{"loc":{"start":{"line":32,"column":2},"end":{"line":38,"column":3}},"type":"if","locations":[{"start":{"line":32,"column":2},"end":{"line":38,"column":3}},{"start":{},"end":{}}],"line":32},"1":{"loc":{"start":{"line":40,"column":2},"end":{"line":49,"column":3}},"type":"if","locations":[{"start":{"line":40,"column":2},"end":{"line":49,"column":3}},{"start":{},"end":{}}],"line":40},"2":{"loc":{"start":{"line":61,"column":9},"end":{"line":89,"column":9}},"type":"binary-expr","locations":[{"start":{"line":61,"column":9},"end":{"line":61,"column":13}},{"start":{"line":62,"column":10},"end":{"line":88,"column":12}}],"line":61},"3":{"loc":{"start":{"line":65,"column":14},"end":{"line":86,"column":15}},"type":"cond-expr","locations":[{"start":{"line":66,"column":16},"end":{"line":68,"column":25}},{"start":{"line":70,"column":16},"end":{"line":85,"column":22}}],"line":65},"4":{"loc":{"start":{"line":91,"column":7},"end":{"line":98,"column":7}},"type":"binary-expr","locations":[{"start":{"line":91,"column":7},"end":{"line":91,"column":19}},{"start":{"line":92,"column":8},"end":{"line":97,"column":10}}],"line":91},"5":{"loc":{"start":{"line":100,"column":7},"end":{"line":106,"column":7}},"type":"binary-expr","locations":[{"start":{"line":100,"column":7},"end":{"line":100,"column":16}},{"start":{"line":101,"column":8},"end":{"line":105,"column":10}}],"line":100},"6":{"loc":{"start":{"line":108,"column":7},"end":{"line":122,"column":7}},"type":"binary-expr","locations":[{"start":{"line":108,"column":7},"end":{"line":108,"column":23}},{"start":{"line":109,"column":8},"end":{"line":121,"column":10}}],"line":108},"7":{"loc":{"start":{"line":124,"column":7},"end":{"line":130,"column":7}},"type":"binary-expr","locations":[{"start":{"line":124,"column":7},"end":{"line":124,"column":23}},{"start":{"line":125,"column":8},"end":{"line":129,"column":10}}],"line":124}},"s":{"0":1,"1":6,"2":6,"3":6,"4":6,"5":6,"6":6,"7":6,"8":6,"9":1,"10":1,"11":0,"12":6,"13":3,"14":6,"15":0,"16":6,"17":0,"18":6,"19":0,"20":1,"21":0,"22":1,"23":1,"24":0,"25":0,"26":0},"f":{"0":6,"1":1,"2":0,"3":3,"4":0,"5":1,"6":0,"7":1,"8":0,"9":0},"b":{"0":[0,6],"1":[0,6],"2":[6,6],"3":[2,4],"4":[6,0],"5":[6,1],"6":[6,2],"7":[6,1]},"_coverageSchema":"1a1c01bbd47fc00a2c39e90264f33305004495a9","hash":"347ec06c824e0c347c80ae144aa1d265c38baaeb"}
,"D:\\Web-Development\\Dibimbing\\TUGAS\\Assignment Day 35 - Mini Project Mentoring React\\src\\pages\\TourGuidePage.jsx": {"path":"D:\\Web-Development\\Dibimbing\\TUGAS\\Assignment Day 35 - Mini Project Mentoring React\\src\\pages\\TourGuidePage.jsx","statementMap":{"0":{"start":{"line":10,"column":22},"end":{"line":67,"column":1}},"1":{"start":{"line":11,"column":67},"end":{"line":11,"column":77}},"2":{"start":{"line":12,"column":38},"end":{"line":12,"column":50}},"3":{"start":{"line":14,"column":23},"end":{"line":19,"column":3}},"4":{"start":{"line":16,"column":6},"end":{"line":18,"column":65}},"5":{"start":{"line":21,"column":2},"end":{"line":23,"column":16}},"6":{"start":{"line":22,"column":4},"end":{"line":22,"column":26}},"7":{"start":{"line":25,"column":2},"end":{"line":31,"column":3}},"8":{"start":{"line":26,"column":4},"end":{"line":30,"column":6}},"9":{"start":{"line":32,"column":2},"end":{"line":66,"column":4}},"10":{"start":{"line":40,"column":29},"end":{"line":40,"column":58}},"11":{"start":{"line":53,"column":14},"end":{"line":53,"column":57}}},"fnMap":{"0":{"name":"(anonymous_0)","decl":{"start":{"line":10,"column":22},"end":{"line":10,"column":23}},"loc":{"start":{"line":10,"column":28},"end":{"line":67,"column":1}},"line":10},"1":{"name":"(anonymous_1)","decl":{"start":{"line":15,"column":4},"end":{"line":15,"column":5}},"loc":{"start":{"line":16,"column":6},"end":{"line":18,"column":65}},"line":16},"2":{"name":"(anonymous_2)","decl":{"start":{"line":21,"column":12},"end":{"line":21,"column":13}},"loc":{"start":{"line":21,"column":18},"end":{"line":23,"column":3}},"line":21},"3":{"name":"(anonymous_3)","decl":{"start":{"line":40,"column":22},"end":{"line":40,"column":23}},"loc":{"start":{"line":40,"column":29},"end":{"line":40,"column":58}},"line":40},"4":{"name":"(anonymous_4)","decl":{"start":{"line":52,"column":29},"end":{"line":52,"column":30}},"loc":{"start":{"line":53,"column":14},"end":{"line":53,"column":57}},"line":53}},"branchMap":{"0":{"loc":{"start":{"line":16,"column":6},"end":{"line":18,"column":65}},"type":"binary-expr","locations":[{"start":{"line":16,"column":6},"end":{"line":16,"column":70}},{"start":{"line":17,"column":6},"end":{"line":17,"column":69}},{"start":{"line":18,"column":6},"end":{"line":18,"column":65}}],"line":16},"1":{"loc":{"start":{"line":25,"column":2},"end":{"line":31,"column":3}},"type":"if","locations":[{"start":{"line":25,"column":2},"end":{"line":31,"column":3}},{"start":{},"end":{}}],"line":25},"2":{"loc":{"start":{"line":51,"column":11},"end":{"line":59,"column":11}},"type":"cond-expr","locations":[{"start":{"line":52,"column":12},"end":{"line":54,"column":14}},{"start":{"line":56,"column":12},"end":{"line":58,"column":16}}],"line":51}},"s":{"0":1,"1":1,"2":1,"3":1,"4":2,"5":1,"6":1,"7":1,"8":0,"9":1,"10":0,"11":2},"f":{"0":1,"1":2,"2":1,"3":0,"4":2},"b":{"0":[2,0,0],"1":[0,1],"2":[1,0]},"_coverageSchema":"1a1c01bbd47fc00a2c39e90264f33305004495a9","hash":"880441eacdaf46bff1954706bab95bc3e55af151"}
}
