TN:
SF:src\components\AuthLayout.jsx
FN:4,(anonymous_0)
FN:20,(anonymous_1)
FNF:2
FNH:2
FNDA:4,(anonymous_0)
FNDA:1,(anonymous_1)
DA:4,1
DA:12,4
DA:14,4
DA:20,1
LF:4
LH:4
BRDA:26,0,0,4
BRDA:26,0,1,3
BRDA:26,0,2,3
BRF:3
BRH:3
end_of_record
TN:
SF:src\components\Breadcrumb.jsx
FN:6,(anonymous_0)
FN:12,(anonymous_1)
FNF:2
FNH:2
FNDA:3,(anonymous_0)
FNDA:9,(anonymous_1)
DA:6,1
DA:7,3
DA:13,9
LF:3
LH:3
BRDA:14,0,0,9
BRDA:14,0,1,6
BRDA:15,1,0,6
BRDA:15,1,1,3
BRF:4
BRH:4
end_of_record
TN:
SF:src\components\Button.jsx
FN:3,(anonymous_0)
FNF:1
FNH:1
FNDA:30,(anonymous_0)
DA:3,5
DA:10,30
DA:11,30
DA:21,30
LF:4
LH:4
BRDA:5,0,0,11
BRF:1
BRH:1
end_of_record
TN:
SF:src\components\CardTourGuide.jsx
FN:3,(anonymous_0)
FNF:1
FNH:1
FNDA:3,(anonymous_0)
DA:3,1
DA:4,3
DA:6,3
LF:3
LH:3
BRF:0
BRH:0
end_of_record
TN:
SF:src\components\CardUserDetail.jsx
FN:6,(anonymous_0)
FN:19,(anonymous_1)
FN:39,(anonymous_2)
FN:67,(anonymous_3)
FNF:4
FNH:3
FNDA:4,(anonymous_0)
FNDA:0,(anonymous_1)
FNDA:20,(anonymous_2)
FNDA:12,(anonymous_3)
DA:6,1
DA:7,4
DA:8,4
DA:9,4
DA:10,4
DA:12,4
DA:19,0
DA:40,20
DA:68,12
LF:9
LH:8
BRDA:44,0,0,16
BRDA:44,0,1,4
BRDA:84,1,0,4
BRDA:84,1,1,0
BRF:4
BRH:3
end_of_record
TN:
SF:src\components\CarouselCard.jsx
FN:11,(anonymous_0)
FN:26,(anonymous_1)
FN:41,(anonymous_2)
FNF:3
FNH:0
FNDA:0,(anonymous_0)
FNDA:0,(anonymous_1)
FNDA:0,(anonymous_2)
DA:11,0
DA:12,0
DA:13,0
DA:27,0
DA:41,0
LF:5
LH:0
BRF:0
BRH:0
end_of_record
TN:
SF:src\components\ConfirmModal.jsx
FN:3,(anonymous_0)
FNF:1
FNH:1
FNDA:9,(anonymous_0)
DA:3,2
DA:10,9
DA:12,9
DA:13,9
DA:16,9
DA:18,9
LF:6
LH:6
BRDA:4,0,0,4
BRDA:12,1,0,4
BRDA:12,1,1,5
BRDA:13,2,0,4
BRDA:13,2,1,5
BRDA:16,3,0,4
BRDA:16,3,1,5
BRF:7
BRH:7
end_of_record
TN:
SF:src\components\Destination.jsx
FN:3,(anonymous_0)
FN:29,(anonymous_1)
FNF:2
FNH:2
FNDA:2,(anonymous_0)
FNDA:8,(anonymous_1)
DA:3,1
DA:4,2
DA:27,2
DA:30,8
LF:4
LH:4
BRF:0
BRH:0
end_of_record
TN:
SF:src\components\EditData.jsx
FN:9,(anonymous_0)
FN:20,(anonymous_1)
FN:22,(anonymous_2)
FN:66,(anonymous_3)
FN:81,(anonymous_4)
FN:83,(anonymous_5)
FN:88,(anonymous_6)
FNF:7
FNH:7
FNDA:12,(anonymous_0)
FNDA:1,(anonymous_1)
FNDA:1,(anonymous_2)
FNDA:3,(anonymous_3)
FNDA:1,(anonymous_4)
FNDA:1,(anonymous_5)
FNDA:1,(anonymous_6)
DA:9,1
DA:10,12
DA:11,12
DA:12,12
DA:14,12
DA:20,12
DA:21,1
DA:22,1
DA:28,12
DA:67,3
DA:68,3
DA:82,1
DA:83,1
DA:84,1
DA:85,1
DA:88,1
LF:16
LH:16
BRDA:15,0,0,12
BRDA:15,0,1,0
BRDA:16,1,0,12
BRDA:16,1,1,0
BRDA:17,2,0,12
BRDA:17,2,1,0
BRDA:76,3,0,12
BRDA:76,3,1,4
BRDA:92,4,0,12
BRDA:92,4,1,1
BRF:10
BRH:7
end_of_record
TN:
SF:src\components\Footer.jsx
FN:3,(anonymous_0)
FNF:1
FNH:1
FNDA:3,(anonymous_0)
DA:3,1
DA:4,3
LF:2
LH:2
BRF:0
BRH:0
end_of_record
TN:
SF:src\components\Hello.jsx
FN:1,Hello
FNF:1
FNH:1
FNDA:1,Hello
DA:2,1
LF:1
LH:1
BRF:0
BRH:0
end_of_record
TN:
SF:src\components\HeroSection.jsx
FN:4,(anonymous_0)
FN:27,(anonymous_1)
FNF:2
FNH:2
FNDA:3,(anonymous_0)
FNDA:1,(anonymous_1)
DA:4,1
DA:5,3
DA:6,3
DA:27,1
LF:4
LH:4
BRF:0
BRH:0
end_of_record
TN:
SF:src\components\InputForm.jsx
FN:1,(anonymous_0)
FNF:1
FNH:1
FNDA:36,(anonymous_0)
DA:1,1
DA:2,36
DA:3,36
LF:3
LH:3
BRDA:1,0,0,0
BRF:1
BRH:0
end_of_record
TN:
SF:src\components\LoadingSpinner.jsx
FN:3,(anonymous_0)
FNF:1
FNH:1
FNDA:2,(anonymous_0)
DA:3,1
DA:4,2
LF:2
LH:2
BRF:0
BRH:0
end_of_record
TN:
SF:src\components\Navbar.jsx
FN:6,(anonymous_0)
FN:10,(anonymous_1)
FN:14,(anonymous_2)
FN:15,(anonymous_3)
FN:77,(anonymous_4)
FN:84,(anonymous_5)
FN:92,(anonymous_6)
FN:100,(anonymous_7)
FNF:8
FNH:4
FNDA:6,(anonymous_0)
FNDA:1,(anonymous_1)
FNDA:1,(anonymous_2)
FNDA:1,(anonymous_3)
FNDA:0,(anonymous_4)
FNDA:0,(anonymous_5)
FNDA:0,(anonymous_6)
FNDA:0,(anonymous_7)
DA:6,1
DA:7,6
DA:8,6
DA:10,6
DA:11,1
DA:14,6
DA:15,1
DA:18,6
DA:77,0
DA:84,0
DA:92,0
DA:101,0
DA:102,0
LF:13
LH:8
BRDA:37,0,0,4
BRDA:37,0,1,2
BRDA:60,1,0,1
BRDA:60,1,1,5
BRDA:66,2,0,6
BRDA:66,2,1,1
BRDA:88,3,0,1
BRDA:88,3,1,0
BRF:8
BRH:7
end_of_record
TN:
SF:src\components\Pagination.jsx
FN:4,(anonymous_0)
FN:8,(anonymous_1)
FN:15,(anonymous_2)
FN:20,(anonymous_3)
FN:33,(anonymous_4)
FNF:5
FNH:5
FNDA:3,(anonymous_0)
FNDA:1,(anonymous_1)
FNDA:9,(anonymous_2)
FNDA:2,(anonymous_3)
FNDA:1,(anonymous_4)
DA:4,1
DA:5,3
DA:8,1
DA:16,9
DA:17,9
DA:20,2
DA:33,1
LF:7
LH:7
BRDA:22,0,0,3
BRDA:22,0,1,6
BRF:2
BRH:2
end_of_record
TN:
SF:src\components\ProtectedRoute.jsx
FN:4,(anonymous_0)
FNF:1
FNH:1
FNDA:2,(anonymous_0)
DA:4,1
DA:5,2
DA:7,2
DA:8,1
DA:11,1
LF:5
LH:5
BRDA:7,0,0,1
BRDA:7,0,1,1
BRDA:11,1,0,1
BRDA:11,1,1,0
BRF:4
BRH:3
end_of_record
TN:
SF:src\components\SearchInput.jsx
FN:5,(anonymous_0)
FNF:1
FNH:1
FNDA:3,(anonymous_0)
DA:5,1
DA:11,3
LF:2
LH:2
BRDA:8,0,0,2
BRDA:9,1,0,3
BRF:2
BRH:2
end_of_record
TN:
SF:src\components\SuccessModal.jsx
FN:10,(anonymous_0)
FNF:1
FNH:1
FNDA:1,(anonymous_0)
DA:4,2
DA:10,2
DA:11,1
DA:13,1
LF:4
LH:4
BRDA:10,0,0,0
BRDA:11,1,0,1
BRDA:11,1,1,0
BRF:3
BRH:1
end_of_record
TN:
SF:src\pages\LandingPage.jsx
FN:9,(anonymous_0)
FN:12,(anonymous_1)
FNF:2
FNH:2
FNDA:2,(anonymous_0)
FNDA:2,(anonymous_1)
DA:9,1
DA:10,2
DA:12,2
DA:13,2
DA:16,2
LF:5
LH:5
BRF:0
BRH:0
end_of_record
TN:
SF:src\pages\LoginPage.jsx
FN:6,(anonymous_0)
FNF:1
FNH:1
FNDA:1,(anonymous_0)
DA:6,1
DA:18,1
DA:20,1
LF:3
LH:3
BRDA:28,0,0,1
BRDA:28,0,1,0
BRDA:35,1,0,1
BRDA:35,1,1,0
BRDA:78,2,0,1
BRDA:78,2,1,0
BRDA:80,3,0,0
BRDA:80,3,1,1
BRF:8
BRH:4
end_of_record
TN:
SF:src\pages\NotFoundPage.jsx
FN:4,(anonymous_0)
FN:11,(anonymous_1)
FNF:2
FNH:2
FNDA:2,(anonymous_0)
FNDA:1,(anonymous_1)
DA:4,1
DA:5,2
DA:7,2
DA:11,1
LF:4
LH:4
BRF:0
BRH:0
end_of_record
TN:
SF:src\pages\RegisterPage.jsx
FN:6,(anonymous_0)
FNF:1
FNH:1
FNDA:1,(anonymous_0)
DA:6,1
DA:18,1
DA:20,1
LF:3
LH:3
BRDA:28,0,0,1
BRDA:28,0,1,0
BRDA:35,1,0,1
BRDA:35,1,1,0
BRDA:78,2,0,1
BRDA:78,2,1,0
BRDA:80,3,0,0
BRDA:80,3,1,1
BRF:8
BRH:4
end_of_record
TN:
SF:src\pages\TourGuideDetailPage.jsx
FN:12,(anonymous_0)
FN:21,(anonymous_1)
FN:23,(anonymous_2)
FN:28,(anonymous_3)
FN:73,(anonymous_4)
FN:79,(anonymous_5)
FN:93,(anonymous_6)
FN:113,(anonymous_7)
FN:115,(anonymous_8)
FN:120,(anonymous_9)
FNF:10
FNH:5
FNDA:6,(anonymous_0)
FNDA:1,(anonymous_1)
FNDA:0,(anonymous_2)
FNDA:3,(anonymous_3)
FNDA:0,(anonymous_4)
FNDA:1,(anonymous_5)
FNDA:0,(anonymous_6)
FNDA:1,(anonymous_7)
FNDA:0,(anonymous_8)
FNDA:0,(anonymous_9)
DA:12,1
DA:13,6
DA:14,6
DA:15,6
DA:16,6
DA:17,6
DA:18,6
DA:19,6
DA:21,6
DA:22,1
DA:23,1
DA:24,0
DA:28,6
DA:29,3
DA:32,6
DA:33,0
DA:40,6
DA:41,0
DA:51,6
DA:73,0
DA:80,1
DA:94,0
DA:114,1
DA:115,1
DA:116,0
DA:117,0
DA:120,0
LF:27
LH:19
BRDA:32,0,0,0
BRDA:32,0,1,6
BRDA:40,1,0,0
BRDA:40,1,1,6
BRDA:61,2,0,6
BRDA:61,2,1,6
BRDA:65,3,0,2
BRDA:65,3,1,4
BRDA:91,4,0,6
BRDA:91,4,1,0
BRDA:100,5,0,6
BRDA:100,5,1,1
BRDA:108,6,0,6
BRDA:108,6,1,2
BRDA:124,7,0,6
BRDA:124,7,1,1
BRF:16
BRH:13
end_of_record
TN:
SF:src\pages\TourGuidePage.jsx
FN:10,(anonymous_0)
FN:15,(anonymous_1)
FN:21,(anonymous_2)
FN:40,(anonymous_3)
FN:52,(anonymous_4)
FNF:5
FNH:4
FNDA:1,(anonymous_0)
FNDA:2,(anonymous_1)
FNDA:1,(anonymous_2)
FNDA:0,(anonymous_3)
FNDA:2,(anonymous_4)
DA:10,1
DA:11,1
DA:12,1
DA:14,1
DA:16,2
DA:21,1
DA:22,1
DA:25,1
DA:26,0
DA:32,1
DA:40,0
DA:53,2
LF:12
LH:10
BRDA:16,0,0,2
BRDA:16,0,1,0
BRDA:16,0,2,0
BRDA:25,1,0,0
BRDA:25,1,1,1
BRDA:51,2,0,1
BRDA:51,2,1,0
BRF:7
BRH:3
end_of_record
